#
# A fatal error has been detected by the Java Runtime Environment:
#
#  EXCEPTION_ACCESS_VIOLATION (0xc0000005) at pc=0x00007ffbdf90a19f, pid=9012, tid=14904
#
# JRE version: OpenJDK Runtime Environment AdoptOpenJDK (11.0.10+9) (build 11.0.10+9)
# Java VM: OpenJDK 64-Bit Server VM AdoptOpenJDK (11.0.10+9, mixed mode, tiered, compressed oops, parallel gc, windows-amd64)
# Problematic frame:
# V  [jvm.dll+0x36a19f]
#
# No core dump will be written. Minidumps are not enabled by default on client versions of Windows
#
# If you would like to submit a bug report, please visit:
#   https://github.com/AdoptOpenJDK/openjdk-support/issues
#

---------------  S U M M A R Y ------------

Command Line: --add-modules=ALL-SYSTEM --add-opens=java.base/java.util=ALL-UNNAMED --add-opens=java.base/java.lang=ALL-UNNAMED -Declipse.application=org.eclipse.jdt.ls.core.id1 -Dosgi.bundles.defaultStartLevel=4 -Declipse.product=org.eclipse.jdt.ls.core.product -Dfile.encoding=utf8 -DwatchParentProcess=false -XX:+UseParallelGC -XX:GCTimeRatio=4 -XX:AdaptiveSizePolicyWeight=90 -Dsun.zip.disableMemoryMapping=true -Xmx1G -Xms100m -javaagent:c:\Users\USUARIO\.vscode\extensions\gabrielbb.vscode-lombok-1.0.1\server\lombok.jar -Xverify:none c:\Users\USUARIO\.vscode\extensions\redhat.java-0.78.0\server\plugins\org.eclipse.equinox.launcher_1.6.100.v20201223-0822.jar -configuration c:\Users\USUARIO\AppData\Roaming\Code\User\globalStorage\redhat.java\0.78.0\config_ss_win -data c:\Users\USUARIO\AppData\Roaming\Code\User\workspaceStorage\427bf491d089adac9298cd482eed25c6\redhat.java\ss_ws

Host: Intel(R) Core(TM) i5-8265U CPU @ 1.60GHz, 8 cores, 15G,  Windows 10 , 64 bit Build 19041 (10.0.19041.928)
Time: Fri Apr 30 08:47:32 2021 Hora oficial do Brasil elapsed time: 4.761480 seconds (0d 0h 0m 4s)

---------------  T H R E A D  ---------------

Current thread (0x000001ed812f0800):  JavaThread "pool-1-thread-1" [_thread_in_vm, id=14904, stack(0x00000001c1c00000,0x00000001c1d00000)]

Stack: [0x00000001c1c00000,0x00000001c1d00000],  sp=0x00000001c1cfd510,  free space=1013k
Native frames: (J=compiled Java code, j=interpreted, Vv=VM code, C=native code)
V  [jvm.dll+0x36a19f]
C  0x000001edebe3d96d

Java frames: (J=compiled Java code, j=interpreted, Vv=VM code)
j  org.eclipse.jdt.internal.compiler.parser.Scanner.getNextToken0()I+93
j  org.eclipse.jdt.internal.compiler.parser.Scanner.getNextToken()I+47
j  org.eclipse.jdt.internal.compiler.parser.Parser.parse()V+332
j  org.eclipse.jdt.internal.compiler.parser.Parser.parse(Lorg/eclipse/jdt/internal/compiler/env/ICompilationUnit;Lorg/eclipse/jdt/internal/compiler/CompilationResult;II)Lorg/eclipse/jdt/internal/compiler/ast/CompilationUnitDeclaration;+178
j  org.eclipse.jdt.internal.compiler.parser.Parser.parse(Lorg/eclipse/jdt/internal/compiler/env/ICompilationUnit;Lorg/eclipse/jdt/internal/compiler/CompilationResult;)Lorg/eclipse/jdt/internal/compiler/ast/CompilationUnitDeclaration;+5
j  org.eclipse.jdt.internal.compiler.SourceElementParser.parseCompilationUnit(Lorg/eclipse/jdt/internal/compiler/env/ICompilationUnit;ZLorg/eclipse/core/runtime/IProgressMonitor;)Lorg/eclipse/jdt/internal/compiler/ast/CompilationUnitDeclaration;+53
j  org.eclipse.jdt.internal.core.CompilationUnit.buildStructure(Lorg/eclipse/jdt/internal/core/OpenableElementInfo;Lorg/eclipse/core/runtime/IProgressMonitor;Ljava/util/Map;Lorg/eclipse/core/resources/IResource;)Z+523
J 3171 c1 org.eclipse.jdt.internal.core.Openable.generateInfos(Ljava/lang/Object;Ljava/util/HashMap;Lorg/eclipse/core/runtime/IProgressMonitor;)V (281 bytes) @ 0x000001edeca1f33c [0x000001edeca1dd20+0x000000000000161c]
J 3181 c1 org.eclipse.jdt.internal.core.JavaElement.openWhenClosed(Ljava/lang/Object;ZLorg/eclipse/core/runtime/IProgressMonitor;)Ljava/lang/Object; (169 bytes) @ 0x000001edeca306f4 [0x000001edeca30040+0x00000000000006b4]
j  org.eclipse.jdt.internal.core.BecomeWorkingCopyOperation.executeOperation()V+29
j  org.eclipse.jdt.internal.core.JavaModelOperation.run(Lorg/eclipse/core/runtime/IProgressMonitor;)V+55
j  org.eclipse.jdt.internal.core.JavaModelOperation.runOperation(Lorg/eclipse/core/runtime/IProgressMonitor;)V+32
j  org.eclipse.jdt.internal.core.CompilationUnit.becomeWorkingCopy(Lorg/eclipse/jdt/core/IProblemRequestor;Lorg/eclipse/core/runtime/IProgressMonitor;)V+37
j  org.eclipse.jdt.internal.core.CompilationUnit.becomeWorkingCopy(Lorg/eclipse/core/runtime/IProgressMonitor;)V+23
j  org.eclipse.jdt.ls.core.internal.handlers.BaseDocumentLifeCycleHandler.handleOpen(Lorg/eclipse/lsp4j/DidOpenTextDocumentParams;)Lorg/eclipse/jdt/core/ICompilationUnit;+144
j  org.eclipse.jdt.ls.core.internal.handlers.BaseDocumentLifeCycleHandler$5.run(Lorg/eclipse/core/runtime/IProgressMonitor;)V+8
j  org.eclipse.core.internal.resources.Workspace.run(Lorg/eclipse/core/runtime/ICoreRunnable;Lorg/eclipse/core/runtime/jobs/ISchedulingRule;ILorg/eclipse/core/runtime/IProgressMonitor;)V+69
j  org.eclipse.core.internal.resources.Workspace.run(Lorg/eclipse/core/resources/IWorkspaceRunnable;Lorg/eclipse/core/runtime/jobs/ISchedulingRule;ILorg/eclipse/core/runtime/IProgressMonitor;)V+6
j  org.eclipse.jdt.ls.core.internal.handlers.BaseDocumentLifeCycleHandler.didOpen(Lorg/eclipse/lsp4j/DidOpenTextDocumentParams;)V+32
j  org.eclipse.jdt.ls.core.internal.syntaxserver.SyntaxLanguageServer.didOpen(Lorg/eclipse/lsp4j/DidOpenTextDocumentParams;)V+11
v  ~StubRoutines::call_stub
j  jdk.internal.reflect.NativeMethodAccessorImpl.invoke0(Ljava/lang/reflect/Method;Ljava/lang/Object;[Ljava/lang/Object;)Ljava/lang/Object;+0 java.base@11.0.10
j  jdk.internal.reflect.NativeMethodAccessorImpl.invoke(Ljava/lang/Object;[Ljava/lang/Object;)Ljava/lang/Object;+100 java.base@11.0.10
J 1097 c1 jdk.internal.reflect.DelegatingMethodAccessorImpl.invoke(Ljava/lang/Object;[Ljava/lang/Object;)Ljava/lang/Object; java.base@11.0.10 (10 bytes) @ 0x000001edec593bbc [0x000001edec593ac0+0x00000000000000fc]
J 1096 c1 java.lang.reflect.Method.invoke(Ljava/lang/Object;[Ljava/lang/Object;)Ljava/lang/Object; java.base@11.0.10 (65 bytes) @ 0x000001edec5942cc [0x000001edec593fa0+0x000000000000032c]
j  org.eclipse.lsp4j.jsonrpc.services.GenericEndpoint.lambda$null$0(Lorg/eclipse/lsp4j/jsonrpc/services/AnnotationUtil$MethodInfo;Ljava/lang/Object;Ljava/lang/Object;)Ljava/util/concurrent/CompletableFuture;+20
j  org.eclipse.lsp4j.jsonrpc.services.GenericEndpoint$$Lambda$128.apply(Ljava/lang/Object;)Ljava/lang/Object;+13
j  org.eclipse.lsp4j.jsonrpc.services.GenericEndpoint.notify(Ljava/lang/String;Ljava/lang/Object;)V+18
j  org.eclipse.lsp4j.jsonrpc.RemoteEndpoint.handleNotification(Lorg/eclipse/lsp4j/jsonrpc/messages/NotificationMessage;)V+20
j  org.eclipse.lsp4j.jsonrpc.RemoteEndpoint.consume(Lorg/eclipse/lsp4j/jsonrpc/messages/Message;)V+14
j  org.eclipse.lsp4j.jsonrpc.json.StreamMessageProducer.handleMessage(Ljava/io/InputStream;Lorg/eclipse/lsp4j/jsonrpc/json/StreamMessageProducer$Headers;)Z+99
j  org.eclipse.lsp4j.jsonrpc.json.StreamMessageProducer.listen(Lorg/eclipse/lsp4j/jsonrpc/MessageConsumer;)V+158
j  org.eclipse.lsp4j.jsonrpc.json.ConcurrentMessageProcessor.run()V+12
j  java.util.concurrent.Executors$RunnableAdapter.call()Ljava/lang/Object;+4 java.base@11.0.10
j  java.util.concurrent.FutureTask.run()V+39 java.base@11.0.10
j  java.util.concurrent.ThreadPoolExecutor.runWorker(Ljava/util/concurrent/ThreadPoolExecutor$Worker;)V+92 java.base@11.0.10
j  java.util.concurrent.ThreadPoolExecutor$Worker.run()V+5 java.base@11.0.10
j  java.lang.Thread.run()V+11 java.base@11.0.10
v  ~StubRoutines::call_stub

siginfo: EXCEPTION_ACCESS_VIOLATION (0xc0000005), reading address 0x00000000ec44503c


Register to memory mapping:

RIP=0x00007ffbdf90a19f jvm.dll
RAX=0x000000000000000c is an unknown value
RBX=0x0000000000001887 is an unknown value
RCX=0x00000001c1cfd540 is pointing into the stack for thread: 0x000001ed812f0800
RDX=0x00007ffbdfdf8698 jvm.dll
RSP=0x00000001c1cfd510 is pointing into the stack for thread: 0x000001ed812f0800
RBP=0x000001edfe870330 points into unknown readable memory: 0x0000000000000000 | 00 00 00 00 00 00 00 00
RSI=0x000001ed812cefa0 points into unknown readable memory: 0x0000000000000002 | 02 00 00 00 00 00 00 00
RDI=0x000001ed812f0800 is a thread
R8 =0x0000000000001887 is an unknown value
R9 =0x000000000000000e is an unknown value
R10=0x0 is NULL
R11=0x2020000000000000 is an unknown value
R12=0x00000000ec445030 is an unallocated location in the heap
R13=0x00000000000003d8 is an unknown value
R14=0x000001edfe870340 points into unknown readable memory: 0x000001ed80b6c7a4 | a4 c7 b6 80 ed 01 00 00
R15=0x000001edfe870718 points into unknown readable memory: 0x0806a05fdc7cfa0a | 0a fa 7c dc 5f a0 06 08


Registers:
RAX=0x000000000000000c, RBX=0x0000000000001887, RCX=0x00000001c1cfd540, RDX=0x00007ffbdfdf8698
RSP=0x00000001c1cfd510, RBP=0x000001edfe870330, RSI=0x000001ed812cefa0, RDI=0x000001ed812f0800
R8 =0x0000000000001887, R9 =0x000000000000000e, R10=0x0000000000000000, R11=0x2020000000000000
R12=0x00000000ec445030, R13=0x00000000000003d8, R14=0x000001edfe870340, R15=0x000001edfe870718
RIP=0x00007ffbdf90a19f, EFLAGS=0x0000000000010202

Top of Stack: (sp=0x00000001c1cfd510)
0x00000001c1cfd510:   0000000000001887 0000000000001887
0x00000001c1cfd520:   000000000000000d 000001ed812f0800
0x00000001c1cfd530:   0000000000000001 00007ffbdfb3ac5a
0x00000001c1cfd540:   00007ffbdfe6a570 0000005000000000
0x00000001c1cfd550:   0000000000000000 0000000000000000
0x00000001c1cfd560:   0000000000000000 0000000000000000
0x00000001c1cfd570:   0000000000000000 000001ed813a8640
0x00000001c1cfd580:   0000000000000000 0000000000000100
0x00000001c1cfd590:   000001ed82c76600 00000001c1cfd5f0
0x00000001c1cfd5a0:   000001ed812f0800 00000001c1cfd6c0
0x00000001c1cfd5b0:   000001ed82c72865 0000000000000000
0x00000001c1cfd5c0:   0000000000000004 000001edebe3d96d
0x00000001c1cfd5d0:   000001ed812f0800 0000000000001887
0x00000001c1cfd5e0:   00000001c1cfd640 000000000000000d
0x00000001c1cfd5f0:   000001edebe3d911 00000001c1cfd5f8
0x00000001c1cfd600:   000001ed82c72865 00000001c1cfd6c0 

Instructions: (pc=0x00007ffbdf90a19f)
0x00007ffbdf90a09f:   4c 24 78 44 8d 42 02 e8 35 27 e1 ff 83 bb b0 03
0x00007ffbdf90a0af:   00 00 00 75 1a 8b 83 d8 00 00 00 c1 e8 1d a8 01
0x00007ffbdf90a0bf:   75 0d 8b 83 d8 00 00 00 c1 e8 02 a8 01 74 0a b2
0x00007ffbdf90a0cf:   01 48 8b cb e8 a8 27 3d 00 48 8b 9c 24 80 00 00
0x00007ffbdf90a0df:   00 48 83 c4 40 41 5f 41 5e 5f 5e 5d c3 cc cc cc
0x00007ffbdf90a0ef:   cc 48 8b c4 57 48 81 ec b0 00 00 00 48 89 58 10
0x00007ffbdf90a0ff:   48 8b f9 48 89 70 20 41 8b d8 4c 89 60 f0 4c 8b
0x00007ffbdf90a10f:   c1 4c 8b e2 48 89 48 08 ba 03 00 00 00 c7 81 c0
0x00007ffbdf90a11f:   03 00 00 06 00 00 00 e8 55 da ff ff 48 83 7f 08
0x00007ffbdf90a12f:   00 0f 85 f0 00 00 00 48 8b b7 78 02 00 00 48 8d
0x00007ffbdf90a13f:   4c 24 30 48 89 ac 24 d0 00 00 00 ba 00 01 00 00
0x00007ffbdf90a14f:   4c 89 ac 24 a0 00 00 00 4c 89 b4 24 98 00 00 00
0x00007ffbdf90a15f:   48 8b 6e 10 4c 8b 76 18 4c 8b 6e 28 4c 89 bc 24
0x00007ffbdf90a16f:   90 00 00 00 4c 8b 7e 20 e8 84 9e 28 00 80 3d de
0x00007ffbdf90a17f:   4f 70 00 00 48 8d 15 0e e5 4e 00 b9 0c 00 00 00
0x00007ffbdf90a18f:   b8 10 00 00 00 0f 45 c1 44 8b c3 48 8d 4c 24 30
0x00007ffbdf90a19f:   46 8b 0c 20 e8 18 b5 28 00 48 8b 1d 49 c3 73 00
0x00007ffbdf90a1af:   48 8d 4c 24 30 e8 e7 a5 28 00 4c 8b cb 48 89 44
0x00007ffbdf90a1bf:   24 20 41 b8 bc 01 00 00 48 8d 15 72 4d 52 00 48
0x00007ffbdf90a1cf:   8b cf e8 2a 87 f5 ff 48 8d 4c 24 30 e8 60 9f 28
0x00007ffbdf90a1df:   00 48 83 7d 00 00 74 13 49 8b d5 48 8b ce e8 6e
0x00007ffbdf90a1ef:   4e d5 ff 48 8b cd e8 d6 4d d5 ff 4c 8b ac 24 a0
0x00007ffbdf90a1ff:   00 00 00 48 89 6e 10 48 8b ac 24 d0 00 00 00 4c
0x00007ffbdf90a20f:   89 76 18 4c 8b b4 24 98 00 00 00 4c 89 7e 20 4c
0x00007ffbdf90a21f:   8b bc 24 90 00 00 00 48 8b 9f f0 00 00 00 4c 8b
0x00007ffbdf90a22f:   a4 24 a8 00 00 00 48 8b 43 10 48 8b 73 08 48 83
0x00007ffbdf90a23f:   38 00 74 19 48 8b 53 28 48 8b ce e8 11 4e d5 ff
0x00007ffbdf90a24f:   48 8b 4b 10 e8 78 4d d5 ff 48 8b 43 10 48 89 46
0x00007ffbdf90a25f:   10 48 8b 43 18 48 89 46 18 48 8b 43 20 48 8b 9c
0x00007ffbdf90a26f:   24 c8 00 00 00 48 89 46 20 83 bf 08 04 00 00 02
0x00007ffbdf90a27f:   48 8b b4 24 d8 00 00 00 75 08 48 8b cf e8 af 1a
0x00007ffbdf90a28f:   3d 00 ba 06 00 00 00 48 8d 8c 24 c0 00 00 00 44 


Stack slot to memory mapping:
stack at sp + 0 slots: 0x0000000000001887 is an unknown value
stack at sp + 1 slots: 0x0000000000001887 is an unknown value
stack at sp + 2 slots: 0x000000000000000d is an unknown value
stack at sp + 3 slots: 0x000001ed812f0800 is a thread
stack at sp + 4 slots: 0x0000000000000001 is an unknown value
stack at sp + 5 slots: 0x00007ffbdfb3ac5a jvm.dll
stack at sp + 6 slots: 0x00007ffbdfe6a570 jvm.dll
stack at sp + 7 slots: 0x0000005000000000 is an unknown value


---------------  P R O C E S S  ---------------

Threads class SMR info:
_java_thread_list=0x000001ed81342d50, length=20, elements={
0x000001ede373c800, 0x000001edfd813000, 0x000001edfd814000, 0x000001edfd81f000,
0x000001edfd821000, 0x000001edfe863000, 0x000001edfe866000, 0x000001edfe867000,
0x000001edfe868000, 0x000001edfe9ff000, 0x000001ed80cd7800, 0x000001ed80dcd000,
0x000001ed80998000, 0x000001ed80551800, 0x000001ed80e54800, 0x000001ed80da6800,
0x000001ed80a6d800, 0x000001ed81163800, 0x000001ed80aa6800, 0x000001ed812f0800
}

Java Threads: ( => current thread )
  0x000001ede373c800 JavaThread "main" [_thread_blocked, id=5420, stack(0x00000001c0e00000,0x00000001c0f00000)]
  0x000001edfd813000 JavaThread "Reference Handler" daemon [_thread_blocked, id=10044, stack(0x00000001c1100000,0x00000001c1200000)]
  0x000001edfd814000 JavaThread "Finalizer" daemon [_thread_blocked, id=1908, stack(0x00000001c1200000,0x00000001c1300000)]
  0x000001edfd81f000 JavaThread "Signal Dispatcher" daemon [_thread_blocked, id=16292, stack(0x00000001c1300000,0x00000001c1400000)]
  0x000001edfd821000 JavaThread "Attach Listener" daemon [_thread_blocked, id=15692, stack(0x00000001c1400000,0x00000001c1500000)]
  0x000001edfe863000 JavaThread "Service Thread" daemon [_thread_blocked, id=3268, stack(0x00000001c1500000,0x00000001c1600000)]
  0x000001edfe866000 JavaThread "C2 CompilerThread0" daemon [_thread_in_native, id=8628, stack(0x00000001c1600000,0x00000001c1700000)]
  0x000001edfe867000 JavaThread "C1 CompilerThread0" daemon [_thread_in_native, id=10928, stack(0x00000001c1700000,0x00000001c1800000)]
  0x000001edfe868000 JavaThread "Sweeper thread" daemon [_thread_blocked, id=16760, stack(0x00000001c1800000,0x00000001c1900000)]
  0x000001edfe9ff000 JavaThread "Common-Cleaner" daemon [_thread_blocked, id=16056, stack(0x00000001c1900000,0x00000001c1a00000)]
  0x000001ed80cd7800 JavaThread "Active Thread: Equinox Container: 2d9ccd34-e7b4-4e1a-8536-0c8c22a0bf68" [_thread_blocked, id=6640, stack(0x00000001c1e00000,0x00000001c1f00000)]
  0x000001ed80dcd000 JavaThread "Framework Event Dispatcher: Equinox Container: 2d9ccd34-e7b4-4e1a-8536-0c8c22a0bf68" daemon [_thread_blocked, id=11808, stack(0x00000001c1f00000,0x00000001c2000000)]
  0x000001ed80998000 JavaThread "Start Level: Equinox Container: 2d9ccd34-e7b4-4e1a-8536-0c8c22a0bf68" daemon [_thread_blocked, id=2788, stack(0x00000001c2000000,0x00000001c2100000)]
  0x000001ed80551800 JavaThread "SCR Component Actor" daemon [_thread_blocked, id=12352, stack(0x00000001c2300000,0x00000001c2400000)]
  0x000001ed80e54800 JavaThread "Timer-0" daemon [_thread_blocked, id=13240, stack(0x00000001c2400000,0x00000001c2500000)]
  0x000001ed80da6800 JavaThread "Worker-JM" [_thread_blocked, id=4248, stack(0x00000001c2500000,0x00000001c2600000)]
  0x000001ed80a6d800 JavaThread "Worker-0" [_thread_blocked, id=17508, stack(0x00000001c2800000,0x00000001c2900000)]
  0x000001ed81163800 JavaThread "Worker-1: Refreshing workspace" [_thread_blocked, id=1988, stack(0x00000001c2900000,0x00000001c2a00000)]
  0x000001ed80aa6800 JavaThread "C2 CompilerThread1" daemon [_thread_in_native, id=11604, stack(0x00000001c1a00000,0x00000001c1b00000)]
=>0x000001ed812f0800 JavaThread "pool-1-thread-1" [_thread_in_vm, id=14904, stack(0x00000001c1c00000,0x00000001c1d00000)]

Other Threads:
  0x000001edfd80f000 VMThread "VM Thread" [stack: 0x00000001c1000000,0x00000001c1100000] [id=13088]
  0x000001edfeb98000 WatcherThread [stack: 0x00000001c1b00000,0x00000001c1c00000] [id=8316]
  0x000001ede3755000 GCTaskThread "ParGC Thread#0" [stack: 0x00000001c0f00000,0x00000001c1000000] [id=9184]
  0x000001ed80835800 GCTaskThread "ParGC Thread#1" [stack: 0x00000001c1d00000,0x00000001c1e00000] [id=4580]
  0x000001ed80256800 GCTaskThread "ParGC Thread#2" [stack: 0x00000001c2100000,0x00000001c2200000] [id=10516]
  0x000001ed804e0000 GCTaskThread "ParGC Thread#3" [stack: 0x00000001c2200000,0x00000001c2300000] [id=6616]
  0x000001ed80fde000 GCTaskThread "ParGC Thread#4" [stack: 0x00000001c2600000,0x00000001c2700000] [id=1112]
  0x000001ed8105a800 GCTaskThread "ParGC Thread#5" [stack: 0x00000001c2700000,0x00000001c2800000] [id=17584]
  0x000001ed80b00800 GCTaskThread "ParGC Thread#6" [stack: 0x00000001c2a00000,0x00000001c2b00000] [id=10292]
  0x000001ed8126b800 GCTaskThread "ParGC Thread#7" [stack: 0x00000001c2b00000,0x00000001c2c00000] [id=17988]

Threads with active compile tasks:
C2 CompilerThread0   4790 3338       4       org.objectweb.asm.ClassReader::readMethod (1052 bytes)
C1 CompilerThread0   4790 3365       3       org.eclipse.jdt.internal.compiler.parser.Parser::consumeRule (7641 bytes)
C2 CompilerThread1   4790 3355       4       lombok.patcher.PatchScript$MethodPatcher::visitMethod (158 bytes)

VM state:not at safepoint (normal execution)

VM Mutex/Monitor currently owned by a thread: None

Heap address: 0x00000000c0000000, size: 1024 MB, Compressed Oops mode: 32-bit
Narrow klass base: 0x0000000000000000, Narrow klass shift: 3
Compressed class space size: 1073741824 Address: 0x0000000100000000

Heap:
 PSYoungGen      total 24064K, used 54K [0x00000000eab00000, 0x00000000ec400000, 0x0000000100000000)
  eden space 22016K, 0% used [0x00000000eab00000,0x00000000eab0db70,0x00000000ec080000)
  from space 2048K, 0% used [0x00000000ec080000,0x00000000ec080000,0x00000000ec280000)
  to   space 512K, 0% used [0x00000000ec380000,0x00000000ec380000,0x00000000ec400000)
 ParOldGen       total 68608K, used 24680K [0x00000000c0000000, 0x00000000c4300000, 0x00000000eab00000)
  object space 68608K, 35% used [0x00000000c0000000,0x00000000c181a260,0x00000000c4300000)
 Metaspace       used 33640K, capacity 35439K, committed 35584K, reserved 1081344K
  class space    used 3144K, capacity 3814K, committed 3840K, reserved 1048576K

Card table byte_map: [0x000001ede3100000,0x000001ede3310000] _byte_map_base: 0x000001ede2b00000

Marking Bits: (ParMarkBitMap*) 0x00007ffbe00270c0
 Begin Bits: [0x000001edfae30000, 0x000001edfbe30000)
 End Bits:   [0x000001edfbe30000, 0x000001edfce30000)

Polling page: 0x000001ede1690000

Metaspace:

Usage:
  Non-class:     30.88 MB capacity,    29.78 MB ( 96%) used,     1.04 MB (  3%) free+waste,    66.50 KB ( <1%) overhead. 
      Class:      3.72 MB capacity,     3.07 MB ( 82%) used,   637.89 KB ( 17%) free+waste,    31.19 KB ( <1%) overhead. 
       Both:     34.61 MB capacity,    32.85 MB ( 95%) used,     1.66 MB (  5%) free+waste,    97.69 KB ( <1%) overhead. 

Virtual space:
  Non-class space:       32.00 MB reserved,      31.00 MB ( 97%) committed 
      Class space:        1.00 GB reserved,       3.75 MB ( <1%) committed 
             Both:        1.03 GB reserved,      34.75 MB (  3%) committed 

Chunk freelists:
   Non-Class:  55.00 KB
       Class:  26.00 KB
        Both:  81.00 KB

MaxMetaspaceSize: 17179869184.00 GB
CompressedClassSpaceSize: 1.00 GB

CodeHeap 'non-profiled nmethods': size=120000Kb used=1744Kb max_used=1744Kb free=118255Kb
 bounds [0x000001edf3900000, 0x000001edf3b70000, 0x000001edfae30000]
CodeHeap 'profiled nmethods': size=120000Kb used=7188Kb max_used=7188Kb free=112811Kb
 bounds [0x000001edec3d0000, 0x000001edecae0000, 0x000001edf3900000]
CodeHeap 'non-nmethods': size=5760Kb used=1186Kb max_used=1229Kb free=4573Kb
 bounds [0x000001edebe30000, 0x000001edec0a0000, 0x000001edec3d0000]
 total_blobs=3891 nmethods=3347 adapters=457
 compilation: enabled
              stopped_count=0, restarted_count=0
 full_count=0

Compilation events (20 events):
Event: 4.488 Thread 0x000001edfe867000 nmethod 3349 0x000001edecabe790 code [0x000001edecabe9e0, 0x000001edecabf298]
Event: 4.488 Thread 0x000001edfe867000 3348       3       org.objectweb.asm.ClassReader::readVerificationTypeInfo (184 bytes)
Event: 4.489 Thread 0x000001edfe867000 nmethod 3348 0x000001edecabf590 code [0x000001edecabf8c0, 0x000001edecac10e8]
Event: 4.497 Thread 0x000001edfe867000 3357       3       java.util.regex.Pattern$BranchConn::match (11 bytes)
Event: 4.497 Thread 0x000001edfe867000 nmethod 3357 0x000001edecac1a10 code [0x000001edecac1bc0, 0x000001edecac1d88]
Event: 4.497 Thread 0x000001edfe867000 3358       3       org.objectweb.asm.SymbolTable::put (150 bytes)
Event: 4.497 Thread 0x000001edfe867000 nmethod 3358 0x000001edecac1e90 code [0x000001edecac2080, 0x000001edecac2778]
Event: 4.498 Thread 0x000001edfe867000 3359       3       java.util.regex.Matcher::match (154 bytes)
Event: 4.499 Thread 0x000001edfe867000 nmethod 3359 0x000001edecac2a90 code [0x000001edecac2ca0, 0x000001edecac3408]
Event: 4.499 Thread 0x000001edfe867000 3360       3       java.net.URLStreamHandler::parseURL (1201 bytes)
Event: 4.524 Thread 0x000001edfe867000 nmethod 3360 0x000001edecac3710 code [0x000001edecac4980, 0x000001edecacfc68]
Event: 4.537 Thread 0x000001edfe867000 3361       3       org.eclipse.jdt.internal.compiler.parser.Scanner::areRestrictedModuleKeywordsActive (21 bytes)
Event: 4.537 Thread 0x000001edfe867000 nmethod 3361 0x000001edecad4010 code [0x000001edecad41c0, 0x000001edecad4358]
Event: 4.537 Thread 0x000001edfe867000 3362       3       org.eclipse.jdt.internal.compiler.parser.Parser::tAction (35 bytes)
Event: 4.537 Thread 0x000001edfe867000 nmethod 3362 0x000001edecad4410 code [0x000001edecad45e0, 0x000001edecad47b8]
Event: 4.537 Thread 0x000001edfe867000 3363       3       org.eclipse.jdt.internal.compiler.parser.Parser::actFromTokenOrSynthetic (9 bytes)
Event: 4.538 Thread 0x000001edfe867000 nmethod 3363 0x000001edecad4910 code [0x000001edecad4ae0, 0x000001edecad4d38]
Event: 4.555 Thread 0x000001edfe867000 3364       3       org.eclipse.jdt.internal.compiler.parser.Parser::ntAction (8 bytes)
Event: 4.555 Thread 0x000001edfe867000 nmethod 3364 0x000001edecad4f10 code [0x000001edecad50c0, 0x000001edecad51d8]
Event: 4.555 Thread 0x000001edfe867000 3365       3       org.eclipse.jdt.internal.compiler.parser.Parser::consumeRule (7641 bytes)

GC Heap History (20 events):
Event: 3.495 GC heap before
{Heap before GC invocations=8 (full 1):
 PSYoungGen      total 26624K, used 26595K [0x00000000eab00000, 0x00000000eca00000, 0x0000000100000000)
  eden space 24064K, 100% used [0x00000000eab00000,0x00000000ec280000,0x00000000ec280000)
  from space 2560K, 98% used [0x00000000ec600000,0x00000000ec878ee8,0x00000000ec880000)
  to   space 3584K, 0% used [0x00000000ec280000,0x00000000ec280000,0x00000000ec600000)
 ParOldGen       total 68608K, used 6395K [0x00000000c0000000, 0x00000000c4300000, 0x00000000eab00000)
  object space 68608K, 9% used [0x00000000c0000000,0x00000000c063ef30,0x00000000c4300000)
 Metaspace       used 30710K, capacity 32406K, committed 32512K, reserved 1079296K
  class space    used 2931K, capacity 3571K, committed 3584K, reserved 1048576K
}
Event: 3.498 GC heap after
{Heap after GC invocations=8 (full 1):
 PSYoungGen      total 27136K, used 3560K [0x00000000eab00000, 0x00000000ecb00000, 0x0000000100000000)
  eden space 23552K, 0% used [0x00000000eab00000,0x00000000eab00000,0x00000000ec200000)
  from space 3584K, 99% used [0x00000000ec280000,0x00000000ec5fa258,0x00000000ec600000)
  to   space 4608K, 0% used [0x00000000ec680000,0x00000000ec680000,0x00000000ecb00000)
 ParOldGen       total 68608K, used 6837K [0x00000000c0000000, 0x00000000c4300000, 0x00000000eab00000)
  object space 68608K, 9% used [0x00000000c0000000,0x00000000c06ad740,0x00000000c4300000)
 Metaspace       used 30710K, capacity 32406K, committed 32512K, reserved 1079296K
  class space    used 2931K, capacity 3571K, committed 3584K, reserved 1048576K
}
Event: 3.638 GC heap before
{Heap before GC invocations=9 (full 1):
 PSYoungGen      total 27136K, used 27112K [0x00000000eab00000, 0x00000000ecb00000, 0x0000000100000000)
  eden space 23552K, 100% used [0x00000000eab00000,0x00000000ec200000,0x00000000ec200000)
  from space 3584K, 99% used [0x00000000ec280000,0x00000000ec5fa258,0x00000000ec600000)
  to   space 4608K, 0% used [0x00000000ec680000,0x00000000ec680000,0x00000000ecb00000)
 ParOldGen       total 68608K, used 6837K [0x00000000c0000000, 0x00000000c4300000, 0x00000000eab00000)
  object space 68608K, 9% used [0x00000000c0000000,0x00000000c06ad740,0x00000000c4300000)
 Metaspace       used 31139K, capacity 32820K, committed 32896K, reserved 1079296K
  class space    used 2990K, capacity 3645K, committed 3712K, reserved 1048576K
}
Event: 3.651 GC heap after
{Heap after GC invocations=9 (full 1):
 PSYoungGen      total 26624K, used 4582K [0x00000000eab00000, 0x00000000ecd80000, 0x0000000100000000)
  eden space 22016K, 0% used [0x00000000eab00000,0x00000000eab00000,0x00000000ec080000)
  from space 4608K, 99% used [0x00000000ec680000,0x00000000ecaf9a20,0x00000000ecb00000)
  to   space 6144K, 0% used [0x00000000ec080000,0x00000000ec080000,0x00000000ec680000)
 ParOldGen       total 68608K, used 7921K [0x00000000c0000000, 0x00000000c4300000, 0x00000000eab00000)
  object space 68608K, 11% used [0x00000000c0000000,0x00000000c07bc7a0,0x00000000c4300000)
 Metaspace       used 31139K, capacity 32820K, committed 32896K, reserved 1079296K
  class space    used 2990K, capacity 3645K, committed 3712K, reserved 1048576K
}
Event: 3.728 GC heap before
{Heap before GC invocations=10 (full 1):
 PSYoungGen      total 26624K, used 26598K [0x00000000eab00000, 0x00000000ecd80000, 0x0000000100000000)
  eden space 22016K, 100% used [0x00000000eab00000,0x00000000ec080000,0x00000000ec080000)
  from space 4608K, 99% used [0x00000000ec680000,0x00000000ecaf9a20,0x00000000ecb00000)
  to   space 6144K, 0% used [0x00000000ec080000,0x00000000ec080000,0x00000000ec680000)
 ParOldGen       total 68608K, used 7921K [0x00000000c0000000, 0x00000000c4300000, 0x00000000eab00000)
  object space 68608K, 11% used [0x00000000c0000000,0x00000000c07bc7a0,0x00000000c4300000)
 Metaspace       used 31170K, capacity 32948K, committed 33152K, reserved 1079296K
  class space    used 2990K, capacity 3645K, committed 3712K, reserved 1048576K
}
Event: 3.744 GC heap after
{Heap after GC invocations=10 (full 1):
 PSYoungGen      total 27136K, used 5118K [0x00000000eab00000, 0x00000000ecb80000, 0x0000000100000000)
  eden space 22016K, 0% used [0x00000000eab00000,0x00000000eab00000,0x00000000ec080000)
  from space 5120K, 99% used [0x00000000ec080000,0x00000000ec57fbd0,0x00000000ec580000)
  to   space 5632K, 0% used [0x00000000ec600000,0x00000000ec600000,0x00000000ecb80000)
 ParOldGen       total 68608K, used 9330K [0x00000000c0000000, 0x00000000c4300000, 0x00000000eab00000)
  object space 68608K, 13% used [0x00000000c0000000,0x00000000c091caf8,0x00000000c4300000)
 Metaspace       used 31170K, capacity 32948K, committed 33152K, reserved 1079296K
  class space    used 2990K, capacity 3645K, committed 3712K, reserved 1048576K
}
Event: 3.840 GC heap before
{Heap before GC invocations=11 (full 1):
 PSYoungGen      total 27136K, used 27134K [0x00000000eab00000, 0x00000000ecb80000, 0x0000000100000000)
  eden space 22016K, 100% used [0x00000000eab00000,0x00000000ec080000,0x00000000ec080000)
  from space 5120K, 99% used [0x00000000ec080000,0x00000000ec57fbd0,0x00000000ec580000)
  to   space 5632K, 0% used [0x00000000ec600000,0x00000000ec600000,0x00000000ecb80000)
 ParOldGen       total 68608K, used 9330K [0x00000000c0000000, 0x00000000c4300000, 0x00000000eab00000)
  object space 68608K, 13% used [0x00000000c0000000,0x00000000c091caf8,0x00000000c4300000)
 Metaspace       used 31357K, capacity 33108K, committed 33152K, reserved 1079296K
  class space    used 3005K, capacity 3677K, committed 3712K, reserved 1048576K
}
Event: 3.845 GC heap after
{Heap after GC invocations=11 (full 1):
 PSYoungGen      total 26624K, used 4530K [0x00000000eab00000, 0x00000000eca80000, 0x0000000100000000)
  eden space 22016K, 0% used [0x00000000eab00000,0x00000000eab00000,0x00000000ec080000)
  from space 4608K, 98% used [0x00000000ec600000,0x00000000eca6cb38,0x00000000eca80000)
  to   space 5120K, 0% used [0x00000000ec080000,0x00000000ec080000,0x00000000ec580000)
 ParOldGen       total 68608K, used 12455K [0x00000000c0000000, 0x00000000c4300000, 0x00000000eab00000)
  object space 68608K, 18% used [0x00000000c0000000,0x00000000c0c29d88,0x00000000c4300000)
 Metaspace       used 31357K, capacity 33108K, committed 33152K, reserved 1079296K
  class space    used 3005K, capacity 3677K, committed 3712K, reserved 1048576K
}
Event: 3.897 GC heap before
{Heap before GC invocations=12 (full 1):
 PSYoungGen      total 26624K, used 26546K [0x00000000eab00000, 0x00000000eca80000, 0x0000000100000000)
  eden space 22016K, 100% used [0x00000000eab00000,0x00000000ec080000,0x00000000ec080000)
  from space 4608K, 98% used [0x00000000ec600000,0x00000000eca6cb38,0x00000000eca80000)
  to   space 5120K, 0% used [0x00000000ec080000,0x00000000ec080000,0x00000000ec580000)
 ParOldGen       total 68608K, used 12455K [0x00000000c0000000, 0x00000000c4300000, 0x00000000eab00000)
  object space 68608K, 18% used [0x00000000c0000000,0x00000000c0c29d88,0x00000000c4300000)
 Metaspace       used 31357K, capacity 33108K, committed 33152K, reserved 1079296K
  class space    used 3005K, capacity 3677K, committed 3712K, reserved 1048576K
}
Event: 3.907 GC heap after
{Heap after GC invocations=12 (full 1):
 PSYoungGen      total 24576K, used 2208K [0x00000000eab00000, 0x00000000ec780000, 0x0000000100000000)
  eden space 22016K, 0% used [0x00000000eab00000,0x00000000eab00000,0x00000000ec080000)
  from space 2560K, 86% used [0x00000000ec080000,0x00000000ec2a8000,0x00000000ec300000)
  to   space 3584K, 0% used [0x00000000ec400000,0x00000000ec400000,0x00000000ec780000)
 ParOldGen       total 68608K, used 16926K [0x00000000c0000000, 0x00000000c4300000, 0x00000000eab00000)
  object space 68608K, 24% used [0x00000000c0000000,0x00000000c1087ab0,0x00000000c4300000)
 Metaspace       used 31357K, capacity 33108K, committed 33152K, reserved 1079296K
  class space    used 3005K, capacity 3677K, committed 3712K, reserved 1048576K
}
Event: 3.974 GC heap before
{Heap before GC invocations=13 (full 1):
 PSYoungGen      total 24576K, used 24224K [0x00000000eab00000, 0x00000000ec780000, 0x0000000100000000)
  eden space 22016K, 100% used [0x00000000eab00000,0x00000000ec080000,0x00000000ec080000)
  from space 2560K, 86% used [0x00000000ec080000,0x00000000ec2a8000,0x00000000ec300000)
  to   space 3584K, 0% used [0x00000000ec400000,0x00000000ec400000,0x00000000ec780000)
 ParOldGen       total 68608K, used 16926K [0x00000000c0000000, 0x00000000c4300000, 0x00000000eab00000)
  object space 68608K, 24% used [0x00000000c0000000,0x00000000c1087ab0,0x00000000c4300000)
 Metaspace       used 31357K, capacity 33108K, committed 33152K, reserved 1079296K
  class space    used 3005K, capacity 3677K, committed 3712K, reserved 1048576K
}
Event: 3.990 GC heap after
{Heap after GC invocations=13 (full 1):
 PSYoungGen      total 24576K, used 2528K [0x00000000eab00000, 0x00000000ec680000, 0x0000000100000000)
  eden space 22016K, 0% used [0x00000000eab00000,0x00000000eab00000,0x00000000ec080000)
  from space 2560K, 98% used [0x00000000ec400000,0x00000000ec678010,0x00000000ec680000)
  to   space 3072K, 0% used [0x00000000ec080000,0x00000000ec080000,0x00000000ec380000)
 ParOldGen       total 68608K, used 19030K [0x00000000c0000000, 0x00000000c4300000, 0x00000000eab00000)
  object space 68608K, 27% used [0x00000000c0000000,0x00000000c1295ab0,0x00000000c4300000)
 Metaspace       used 31357K, capacity 33108K, committed 33152K, reserved 1079296K
  class space    used 3005K, capacity 3677K, committed 3712K, reserved 1048576K
}
Event: 4.250 GC heap before
{Heap before GC invocations=14 (full 1):
 PSYoungGen      total 24576K, used 24544K [0x00000000eab00000, 0x00000000ec680000, 0x0000000100000000)
  eden space 22016K, 100% used [0x00000000eab00000,0x00000000ec080000,0x00000000ec080000)
  from space 2560K, 98% used [0x00000000ec400000,0x00000000ec678010,0x00000000ec680000)
  to   space 3072K, 0% used [0x00000000ec080000,0x00000000ec080000,0x00000000ec380000)
 ParOldGen       total 68608K, used 19030K [0x00000000c0000000, 0x00000000c4300000, 0x00000000eab00000)
  object space 68608K, 27% used [0x00000000c0000000,0x00000000c1295ab0,0x00000000c4300000)
 Metaspace       used 31456K, capacity 33182K, committed 33408K, reserved 1079296K
  class space    used 3011K, capacity 3680K, committed 3712K, reserved 1048576K
}
Event: 4.255 GC heap after
{Heap after GC invocations=14 (full 1):
 PSYoungGen      total 25088K, used 2848K [0x00000000eab00000, 0x00000000ec680000, 0x0000000100000000)
  eden space 22016K, 0% used [0x00000000eab00000,0x00000000eab00000,0x00000000ec080000)
  from space 3072K, 92% used [0x00000000ec080000,0x00000000ec348000,0x00000000ec380000)
  to   space 3072K, 0% used [0x00000000ec380000,0x00000000ec380000,0x00000000ec680000)
 ParOldGen       total 68608K, used 21540K [0x00000000c0000000, 0x00000000c4300000, 0x00000000eab00000)
  object space 68608K, 31% used [0x00000000c0000000,0x00000000c1509340,0x00000000c4300000)
 Metaspace       used 31456K, capacity 33182K, committed 33408K, reserved 1079296K
  class space    used 3011K, capacity 3680K, committed 3712K, reserved 1048576K
}
Event: 4.538 GC heap before
{Heap before GC invocations=15 (full 1):
 PSYoungGen      total 25088K, used 24864K [0x00000000eab00000, 0x00000000ec680000, 0x0000000100000000)
  eden space 22016K, 100% used [0x00000000eab00000,0x00000000ec080000,0x00000000ec080000)
  from space 3072K, 92% used [0x00000000ec080000,0x00000000ec348000,0x00000000ec380000)
  to   space 3072K, 0% used [0x00000000ec380000,0x00000000ec380000,0x00000000ec680000)
 ParOldGen       total 68608K, used 21540K [0x00000000c0000000, 0x00000000c4300000, 0x00000000eab00000)
  object space 68608K, 31% used [0x00000000c0000000,0x00000000c1509340,0x00000000c4300000)
 Metaspace       used 33249K, capacity 35055K, committed 35328K, reserved 1081344K
  class space    used 3140K, capacity 3814K, committed 3840K, reserved 1048576K
}
Event: 4.546 GC heap after
{Heap after GC invocations=15 (full 1):
 PSYoungGen      total 23040K, used 945K [0x00000000eab00000, 0x00000000ec480000, 0x0000000100000000)
  eden space 22016K, 0% used [0x00000000eab00000,0x00000000eab00000,0x00000000ec080000)
  from space 1024K, 92% used [0x00000000ec380000,0x00000000ec46c770,0x00000000ec480000)
  to   space 2048K, 0% used [0x00000000ec080000,0x00000000ec080000,0x00000000ec280000)
 ParOldGen       total 68608K, used 24305K [0x00000000c0000000, 0x00000000c4300000, 0x00000000eab00000)
  object space 68608K, 35% used [0x00000000c0000000,0x00000000c17bc698,0x00000000c4300000)
 Metaspace       used 33249K, capacity 35055K, committed 35328K, reserved 1081344K
  class space    used 3140K, capacity 3814K, committed 3840K, reserved 1048576K
}
Event: 4.559 GC heap before
{Heap before GC invocations=16 (full 1):
 PSYoungGen      total 23040K, used 1398K [0x00000000eab00000, 0x00000000ec480000, 0x0000000100000000)
  eden space 22016K, 2% used [0x00000000eab00000,0x00000000eab71158,0x00000000ec080000)
  from space 1024K, 92% used [0x00000000ec380000,0x00000000ec46c770,0x00000000ec480000)
  to   space 2048K, 0% used [0x00000000ec080000,0x00000000ec080000,0x00000000ec280000)
 ParOldGen       total 68608K, used 24305K [0x00000000c0000000, 0x00000000c4300000, 0x00000000eab00000)
  object space 68608K, 35% used [0x00000000c0000000,0x00000000c17bc698,0x00000000c4300000)
 Metaspace       used 33446K, capacity 35247K, committed 35328K, reserved 1081344K
  class space    used 3143K, capacity 3814K, committed 3840K, reserved 1048576K
}
Event: 4.569 GC heap after
{Heap after GC invocations=16 (full 1):
 PSYoungGen      total 24064K, used 64K [0x00000000eab00000, 0x00000000ec400000, 0x0000000100000000)
  eden space 22016K, 0% used [0x00000000eab00000,0x00000000eab00000,0x00000000ec080000)
  from space 2048K, 3% used [0x00000000ec080000,0x00000000ec090000,0x00000000ec280000)
  to   space 512K, 0% used [0x00000000ec380000,0x00000000ec380000,0x00000000ec400000)
 ParOldGen       total 68608K, used 25178K [0x00000000c0000000, 0x00000000c4300000, 0x00000000eab00000)
  object space 68608K, 36% used [0x00000000c0000000,0x00000000c18969c8,0x00000000c4300000)
 Metaspace       used 33446K, capacity 35247K, committed 35328K, reserved 1081344K
  class space    used 3143K, capacity 3814K, committed 3840K, reserved 1048576K
}
Event: 4.569 GC heap before
{Heap before GC invocations=17 (full 2):
 PSYoungGen      total 24064K, used 64K [0x00000000eab00000, 0x00000000ec400000, 0x0000000100000000)
  eden space 22016K, 0% used [0x00000000eab00000,0x00000000eab00000,0x00000000ec080000)
  from space 2048K, 3% used [0x00000000ec080000,0x00000000ec090000,0x00000000ec280000)
  to   space 512K, 0% used [0x00000000ec380000,0x00000000ec380000,0x00000000ec400000)
 ParOldGen       total 68608K, used 25178K [0x00000000c0000000, 0x00000000c4300000, 0x00000000eab00000)
  object space 68608K, 36% used [0x00000000c0000000,0x00000000c18969c8,0x00000000c4300000)
 Metaspace       used 33446K, capacity 35247K, committed 35328K, reserved 1081344K
  class space    used 3143K, capacity 3814K, committed 3840K, reserved 1048576K
}
Event: 4.754 GC heap after
{Heap after GC invocations=17 (full 2):
 PSYoungGen      total 24064K, used 0K [0x00000000eab00000, 0x00000000ec400000, 0x0000000100000000)
  eden space 22016K, 0% used [0x00000000eab00000,0x00000000eab00000,0x00000000ec080000)
  from space 2048K, 0% used [0x00000000ec080000,0x00000000ec080000,0x00000000ec280000)
  to   space 512K, 0% used [0x00000000ec380000,0x00000000ec380000,0x00000000ec400000)
 ParOldGen       total 68608K, used 24680K [0x00000000c0000000, 0x00000000c4300000, 0x00000000eab00000)
  object space 68608K, 35% used [0x00000000c0000000,0x00000000c181a260,0x00000000c4300000)
 Metaspace       used 33446K, capacity 35247K, committed 35328K, reserved 1081344K
  class space    used 3143K, capacity 3814K, committed 3840K, reserved 1048576K
}

Deoptimization events (20 events):
Event: 3.968 Thread 0x000001ed80a6d800 Uncommon trap: trap_request=0xffffffbe fr.pc=0x000001edf3a66f38 relative=0x0000000000000658
Event: 3.968 Thread 0x000001ed80a6d800 Uncommon trap: reason=profile_predicate action=maybe_recompile pc=0x000001edf3a66f38 method=org.eclipse.jdt.internal.core.util.HashtableOfArrayToObject.get([Ljava/lang/Object;)Ljava/lang/Object; @ 64 c2
Event: 3.968 Thread 0x000001ed80a6d800 DEOPT PACKING pc=0x000001edf3a66f38 sp=0x00000001c28fe8b0
Event: 3.968 Thread 0x000001ed80a6d800 DEOPT UNPACKING pc=0x000001edebe570af sp=0x00000001c28fe850 mode 2
Event: 4.255 Thread 0x000001ed812f0800 Uncommon trap: trap_request=0xffffff7e fr.pc=0x000001edf3a0c2f0 relative=0x0000000000000510
Event: 4.255 Thread 0x000001ed812f0800 Uncommon trap: reason=predicate action=maybe_recompile pc=0x000001edf3a0c2f0 method=java.lang.PublicMethods$MethodList.filter([Ljava/lang/reflect/Method;Ljava/lang/String;[Ljava/lang/Class;Z)Ljava/lang/PublicMethods$MethodList; @ 21 c2
Event: 4.255 Thread 0x000001ed812f0800 DEOPT PACKING pc=0x000001edf3a0c2f0 sp=0x00000001c1cfad70
Event: 4.255 Thread 0x000001ed812f0800 DEOPT UNPACKING pc=0x000001edebe570af sp=0x00000001c1cfad08 mode 2
Event: 4.296 Thread 0x000001ed812f0800 Uncommon trap: trap_request=0xffffff4d fr.pc=0x000001edf3923b70 relative=0x0000000000000410
Event: 4.296 Thread 0x000001ed812f0800 Uncommon trap: reason=unstable_if action=reinterpret pc=0x000001edf3923b70 method=java.util.HashMap$HashIterator.<init>(Ljava/util/HashMap;)V @ 45 c2
Event: 4.296 Thread 0x000001ed812f0800 DEOPT PACKING pc=0x000001edf3923b70 sp=0x00000001c1cfde60
Event: 4.296 Thread 0x000001ed812f0800 DEOPT UNPACKING pc=0x000001edebe570af sp=0x00000001c1cfdcd0 mode 2
Event: 4.483 Thread 0x000001ed812f0800 Uncommon trap: trap_request=0xffffff4d fr.pc=0x000001edf3ab0720 relative=0x00000000000002e0
Event: 4.483 Thread 0x000001ed812f0800 Uncommon trap: reason=unstable_if action=reinterpret pc=0x000001edf3ab0720 method=org.objectweb.asm.Label.resolve([BI)Z @ 80 c2
Event: 4.483 Thread 0x000001ed812f0800 DEOPT PACKING pc=0x000001edf3ab0720 sp=0x00000001c1cfa740
Event: 4.483 Thread 0x000001ed812f0800 DEOPT UNPACKING pc=0x000001edebe570af sp=0x00000001c1cfa640 mode 2
Event: 4.483 Thread 0x000001ed812f0800 Uncommon trap: trap_request=0xffffff4d fr.pc=0x000001edf3ab0074 relative=0x00000000000001d4
Event: 4.483 Thread 0x000001ed812f0800 Uncommon trap: reason=unstable_if action=reinterpret pc=0x000001edf3ab0074 method=org.objectweb.asm.Label.resolve([BI)Z @ 80 c2
Event: 4.483 Thread 0x000001ed812f0800 DEOPT PACKING pc=0x000001edf3ab0074 sp=0x00000001c1cfa6b0
Event: 4.483 Thread 0x000001ed812f0800 DEOPT UNPACKING pc=0x000001edebe570af sp=0x00000001c1cfa630 mode 2

Classes redefined (0 events):
No events

Internal exceptions (20 events):
Event: 1.486 Thread 0x000001ede373c800 Exception <a 'java/lang/UnsatisfiedLinkError'{0x00000000ec2257e8}: 'void org.eclipse.equinox.launcher.JNIBridge._update_splash()'> (0x00000000ec2257e8) thrown at [./src/hotspot/share/prims/nativeLookup.cpp, line 526]
Event: 1.600 Thread 0x000001ed80998000 Exception <a 'java/lang/NoSuchMethodError'{0x00000000eaef3e88}: 'java.lang.Object java.lang.invoke.DirectMethodHandle$Holder.invokeStatic(java.lang.Object, java.lang.Object, java.lang.Object, java.lang.Object, java.lang.Object, java.lang.Object, java.lang.Object, java.lang.Object, java.lang.Object, java.lang.Object, java.lang.Object, java.lang.Object, java.lang.Object, java.lang.Object, java.lang.Object)'> (0x00000000eaef3e88) thrown at [./src/hotspot/share/interpreter/linkResolver.cpp, line 773]
Event: 1.602 Thread 0x000001ed80998000 Exception <a 'java/lang/NoSuchMethodError'{0x00000000eaf07858}: 'java.lang.Object java.lang.invoke.DirectMethodHandle$Holder.invokeStatic(java.lang.Object, java.lang.Object, java.lang.Object, java.lang.Object, java.lang.Object, java.lang.Object, java.lang.Object, java.lang.Object, java.lang.Object, java.lang.Object, java.lang.Object, java.lang.Object, java.lang.Object, java.lang.Object, java.lang.Object, java.lang.Object)'> (0x00000000eaf07858) thrown at [./src/hotspot/share/interpreter/linkResolver.cpp, l
Event: 1.603 Thread 0x000001ed80998000 Exception <a 'java/lang/NoSuchMethodError'{0x00000000eaf157e0}: 'java.lang.Object java.lang.invoke.DirectMethodHandle$Holder.invokeSpecial(java.lang.Object, java.lang.Object, int, int, java.lang.Object, java.lang.Object, java.lang.Object)'> (0x00000000eaf157e0) thrown at [./src/hotspot/share/interpreter/linkResolver.cpp, line 773]
Event: 1.604 Thread 0x000001ed80998000 Exception <a 'java/lang/NoSuchMethodError'{0x00000000eaf19018}: 'java.lang.Object java.lang.invoke.DelegatingMethodHandle$Holder.reinvoke_L(java.lang.Object, int, int, java.lang.Object, java.lang.Object, java.lang.Object)'> (0x00000000eaf19018) thrown at [./src/hotspot/share/interpreter/linkResolver.cpp, line 773]
Event: 1.605 Thread 0x000001ed80998000 Exception <a 'java/lang/NoSuchMethodError'{0x00000000eaf25578}: 'java.lang.Object java.lang.invoke.DirectMethodHandle$Holder.invokeStatic(java.lang.Object, java.lang.Object, java.lang.Object, java.lang.Object, int)'> (0x00000000eaf25578) thrown at [./src/hotspot/share/interpreter/linkResolver.cpp, line 773]
Event: 1.752 Thread 0x000001ed80998000 Exception <a 'java/io/FileNotFoundException'{0x00000000eb8e76c8}> (0x00000000eb8e76c8) thrown at [./src/hotspot/share/prims/jni.cpp, line 615]
Event: 1.970 Thread 0x000001ed80998000 Exception <a 'java/io/FileNotFoundException'{0x00000000eabbb2b8}> (0x00000000eabbb2b8) thrown at [./src/hotspot/share/prims/jni.cpp, line 615]
Event: 2.121 Thread 0x000001ed80998000 Exception <a 'java/lang/NoSuchMethodError'{0x00000000eae33c70}: 'int java.lang.invoke.DirectMethodHandle$Holder.invokeStaticInit(java.lang.Object, java.lang.Object, java.lang.Object)'> (0x00000000eae33c70) thrown at [./src/hotspot/share/interpreter/linkResolver.cpp, line 773]
Event: 2.126 Thread 0x000001ed80998000 Exception <a 'java/lang/IncompatibleClassChangeError'{0x00000000eaec9e48}: Found class java.lang.Object, but interface was expected> (0x00000000eaec9e48) thrown at [./src/hotspot/share/interpreter/linkResolver.cpp, line 839]
Event: 2.344 Thread 0x000001ed80998000 Exception <a 'java/lang/ClassNotFoundException'{0x00000000eac80d28}: com/sun/org/apache/xerces/internal/impl/msg/spi/DOMMessagesProvider> (0x00000000eac80d28) thrown at [./src/hotspot/share/classfile/systemDictionary.cpp, line 231]
Event: 2.351 Thread 0x000001ed80998000 Exception <a 'java/lang/ClassNotFoundException'{0x00000000eaccc7f0}: com/sun/org/apache/xerces/internal/impl/msg/spi/XMLSerializerMessagesProvider> (0x00000000eaccc7f0) thrown at [./src/hotspot/share/classfile/systemDictionary.cpp, line 231]
Event: 2.352 Thread 0x000001ed80998000 Exception <a 'java/lang/ClassNotFoundException'{0x00000000eace0d18}: com/sun/org/apache/xerces/internal/impl/msg/spi/XMLMessagesProvider> (0x00000000eace0d18) thrown at [./src/hotspot/share/classfile/systemDictionary.cpp, line 231]
Event: 2.936 Thread 0x000001ed80998000 Exception <a 'java/lang/ClassNotFoundException'{0x00000000eb25dcf0}: com/sun/org/apache/xml/internal/serializer/spi/XMLEntitiesProvider> (0x00000000eb25dcf0) thrown at [./src/hotspot/share/classfile/systemDictionary.cpp, line 231]
Event: 3.053 Thread 0x000001ede373c800 Exception <a 'java/lang/NoSuchMethodError'{0x00000000eb8ff4c0}: 'void java.lang.invoke.DirectMethodHandle$Holder.invokeStatic(java.lang.Object, java.lang.Object, java.lang.Object, java.lang.Object)'> (0x00000000eb8ff4c0) thrown at [./src/hotspot/share/interpreter/linkResolver.cpp, line 773]
Event: 3.225 Thread 0x000001ed812f0800 Exception <a 'java/io/FileNotFoundException'{0x00000000eadf8388}> (0x00000000eadf8388) thrown at [./src/hotspot/share/prims/jni.cpp, line 615]
Event: 3.550 Thread 0x000001ed80a6d800 Exception <a 'java/io/FileNotFoundException'{0x00000000eb354808}> (0x00000000eb354808) thrown at [./src/hotspot/share/prims/jni.cpp, line 615]
Event: 3.551 Thread 0x000001ed80a6d800 Exception <a 'java/io/FileNotFoundException'{0x00000000eb3563f0}> (0x00000000eb3563f0) thrown at [./src/hotspot/share/prims/jni.cpp, line 615]
Event: 3.552 Thread 0x000001ed80a6d800 Exception <a 'java/lang/NoSuchMethodError'{0x00000000eb369cb8}: 'void java.lang.invoke.DirectMethodHandle$Holder.invokeStaticInit(java.lang.Object, java.lang.Object, java.lang.Object)'> (0x00000000eb369cb8) thrown at [./src/hotspot/share/interpreter/linkResolver.cpp, line 773]
Event: 4.292 Thread 0x000001ed812f0800 Exception <a 'java/lang/NoSuchMethodError'{0x00000000eac74cc0}: 'java.lang.Object java.lang.invoke.DirectMethodHandle$Holder.invokeInterface(java.lang.Object, java.lang.Object, java.lang.Object)'> (0x00000000eac74cc0) thrown at [./src/hotspot/share/interpreter/linkResolver.cpp, line 773]

Events (20 events):
Event: 4.315 loading class org/eclipse/jdt/internal/compiler/problem/messages done
Event: 4.325 loading class org/eclipse/jdt/internal/compiler/problem/messages_pt
Event: 4.325 loading class org/eclipse/jdt/internal/compiler/problem/messages_pt done
Event: 4.325 loading class org/eclipse/jdt/internal/compiler/problem/messages_pt_BR
Event: 4.325 loading class org/eclipse/jdt/internal/compiler/problem/messages_pt_BR done
Event: 4.524 Executing VM operation: Deoptimize
Event: 4.525 Executing VM operation: Deoptimize done
Event: 4.526 Executing VM operation: RevokeBias
Event: 4.526 Executing VM operation: RevokeBias done
Event: 4.527 Executing VM operation: RevokeBias
Event: 4.527 Executing VM operation: RevokeBias done
Event: 4.528 Executing VM operation: RevokeBias
Event: 4.528 Executing VM operation: RevokeBias done
Event: 4.529 Executing VM operation: RevokeBias
Event: 4.529 Executing VM operation: RevokeBias done
Event: 4.538 Executing VM operation: ParallelGCFailedAllocation
Event: 4.546 Executing VM operation: ParallelGCFailedAllocation done
Event: 4.555 Thread 0x000001ed8177d800 Thread exited: 0x000001ed8177d800
Event: 4.559 Executing VM operation: CollectForMetadataAllocation
Event: 4.754 Executing VM operation: CollectForMetadataAllocation done


Dynamic libraries:
0x00007ff6c3ef0000 - 0x00007ff6c3efd000 	C:\Program Files\AdoptOpenJDK\jdk-11.0.10.9-hotspot\bin\java.exe
0x00007ffc40d70000 - 0x00007ffc40f65000 	C:\WINDOWS\SYSTEM32\ntdll.dll
0x00007ffc40750000 - 0x00007ffc4080d000 	C:\WINDOWS\System32\KERNEL32.DLL
0x00007ffc3ea30000 - 0x00007ffc3ecf8000 	C:\WINDOWS\System32\KERNELBASE.dll
0x00007ffc3e8d0000 - 0x00007ffc3e9d0000 	C:\WINDOWS\System32\ucrtbase.dll
0x00007ffc1f300000 - 0x00007ffc1f317000 	C:\Program Files\AdoptOpenJDK\jdk-11.0.10.9-hotspot\bin\jli.dll
0x00007ffc1e970000 - 0x00007ffc1e985000 	C:\Program Files\AdoptOpenJDK\jdk-11.0.10.9-hotspot\bin\VCRUNTIME140.dll
0x00007ffc40b10000 - 0x00007ffc40cb0000 	C:\WINDOWS\System32\USER32.dll
0x00007ffc3e6f0000 - 0x00007ffc3e712000 	C:\WINDOWS\System32\win32u.dll
0x00007ffc1dcb0000 - 0x00007ffc1df4a000 	C:\WINDOWS\WinSxS\amd64_microsoft.windows.common-controls_6595b64144ccf1df_6.0.19041.844_none_ca00b6081b84eb1d\COMCTL32.dll
0x00007ffc404e0000 - 0x00007ffc4050a000 	C:\WINDOWS\System32\GDI32.dll
0x00007ffc3f510000 - 0x00007ffc3f5ae000 	C:\WINDOWS\System32\msvcrt.dll
0x00007ffc3e720000 - 0x00007ffc3e82b000 	C:\WINDOWS\System32\gdi32full.dll
0x00007ffc3e830000 - 0x00007ffc3e8cd000 	C:\WINDOWS\System32\msvcp_win.dll
0x00007ffc3f4e0000 - 0x00007ffc3f510000 	C:\WINDOWS\System32\IMM32.DLL
0x00007ffc0bc30000 - 0x00007ffc0bccb000 	C:\Program Files\AdoptOpenJDK\jdk-11.0.10.9-hotspot\bin\msvcp140.dll
0x00007ffbdf5a0000 - 0x00007ffbe00e3000 	C:\Program Files\AdoptOpenJDK\jdk-11.0.10.9-hotspot\bin\server\jvm.dll
0x00007ffc40510000 - 0x00007ffc405bc000 	C:\WINDOWS\System32\ADVAPI32.dll
0x00007ffc40940000 - 0x00007ffc409db000 	C:\WINDOWS\System32\sechost.dll
0x00007ffc3fe30000 - 0x00007ffc3ff5b000 	C:\WINDOWS\System32\RPCRT4.dll
0x00007ffc40a40000 - 0x00007ffc40a48000 	C:\WINDOWS\System32\PSAPI.DLL
0x00007ffc16950000 - 0x00007ffc16977000 	C:\WINDOWS\SYSTEM32\WINMM.dll
0x00007ffc30e10000 - 0x00007ffc30e1a000 	C:\WINDOWS\SYSTEM32\VERSION.dll
0x00007ffc27a00000 - 0x00007ffc27a09000 	C:\WINDOWS\SYSTEM32\WSOCK32.dll
0x00007ffc3fff0000 - 0x00007ffc4005b000 	C:\WINDOWS\System32\WS2_32.dll
0x00007ffc3c3b0000 - 0x00007ffc3c3c2000 	C:\WINDOWS\SYSTEM32\kernel.appcore.dll
0x00007ffc27360000 - 0x00007ffc27370000 	C:\Program Files\AdoptOpenJDK\jdk-11.0.10.9-hotspot\bin\verify.dll
0x00007ffc36a40000 - 0x00007ffc36c24000 	C:\WINDOWS\SYSTEM32\DBGHELP.DLL
0x00007ffc2a200000 - 0x00007ffc2a22c000 	C:\WINDOWS\SYSTEM32\dbgcore.DLL
0x00007ffc3ed50000 - 0x00007ffc3edd0000 	C:\WINDOWS\System32\bcryptPrimitives.dll
0x00007ffc1a5a0000 - 0x00007ffc1a5c8000 	C:\Program Files\AdoptOpenJDK\jdk-11.0.10.9-hotspot\bin\java.dll
0x00007ffc26db0000 - 0x00007ffc26dba000 	C:\Program Files\AdoptOpenJDK\jdk-11.0.10.9-hotspot\bin\jimage.dll
0x00007ffc26c80000 - 0x00007ffc26c8e000 	C:\Program Files\AdoptOpenJDK\jdk-11.0.10.9-hotspot\bin\instrument.dll
0x00007ffc1a580000 - 0x00007ffc1a597000 	C:\Program Files\AdoptOpenJDK\jdk-11.0.10.9-hotspot\bin\zip.dll
0x00007ffc3f630000 - 0x00007ffc3fd72000 	C:\WINDOWS\System32\SHELL32.dll
0x00007ffc3c5b0000 - 0x00007ffc3cd41000 	C:\WINDOWS\SYSTEM32\windows.storage.dll
0x00007ffc3f180000 - 0x00007ffc3f4d5000 	C:\WINDOWS\System32\combase.dll
0x00007ffc3dd80000 - 0x00007ffc3ddac000 	C:\WINDOWS\SYSTEM32\Wldp.dll
0x00007ffc406a0000 - 0x00007ffc4074e000 	C:\WINDOWS\System32\SHCORE.dll
0x00007ffc40cd0000 - 0x00007ffc40d25000 	C:\WINDOWS\System32\shlwapi.dll
0x00007ffc3e3f0000 - 0x00007ffc3e40f000 	C:\WINDOWS\SYSTEM32\profapi.dll
0x00007ffc1a1f0000 - 0x00007ffc1a209000 	C:\Program Files\AdoptOpenJDK\jdk-11.0.10.9-hotspot\bin\net.dll
0x00007ffc350d0000 - 0x00007ffc351db000 	C:\WINDOWS\SYSTEM32\WINHTTP.dll
0x00007ffc3db60000 - 0x00007ffc3dbca000 	C:\WINDOWS\system32\mswsock.dll
0x00007ffc19260000 - 0x00007ffc19272000 	C:\Program Files\AdoptOpenJDK\jdk-11.0.10.9-hotspot\bin\nio.dll
0x00007ffc3ddc0000 - 0x00007ffc3ddd8000 	C:\WINDOWS\SYSTEM32\CRYPTSP.dll
0x00007ffc3d520000 - 0x00007ffc3d554000 	C:\WINDOWS\system32\rsaenh.dll
0x00007ffc3e560000 - 0x00007ffc3e587000 	C:\WINDOWS\System32\bcrypt.dll
0x00007ffc3e3b0000 - 0x00007ffc3e3de000 	C:\WINDOWS\SYSTEM32\USERENV.dll
0x00007ffc3dce0000 - 0x00007ffc3dcec000 	C:\WINDOWS\SYSTEM32\CRYPTBASE.dll
0x00007ffc3d870000 - 0x00007ffc3d8ab000 	C:\WINDOWS\SYSTEM32\IPHLPAPI.DLL
0x00007ffc3f170000 - 0x00007ffc3f178000 	C:\WINDOWS\System32\NSI.dll
0x00007ffc36710000 - 0x00007ffc36727000 	C:\WINDOWS\SYSTEM32\dhcpcsvc6.DLL
0x00007ffc36770000 - 0x00007ffc3678d000 	C:\WINDOWS\SYSTEM32\dhcpcsvc.DLL
0x00007ffc3d8b0000 - 0x00007ffc3d97c000 	C:\WINDOWS\SYSTEM32\DNSAPI.dll
0x00007ffc185a0000 - 0x00007ffc185c9000 	C:\Users\USUARIO\AppData\Roaming\Code\User\globalStorage\redhat.java\0.78.0\config_ss_win\org.eclipse.equinox.launcher\org.eclipse.equinox.launcher.win32.win32.x86_64_1.2.200.v20210406-1409\eclipse_11401.dll

dbghelp: loaded successfully - version: 4.0.5 - missing functions: none
symbol engine: initialized successfully - sym options: 0x614 - pdb path: .;C:\Program Files\AdoptOpenJDK\jdk-11.0.10.9-hotspot\bin;C:\WINDOWS\SYSTEM32;C:\WINDOWS\WinSxS\amd64_microsoft.windows.common-controls_6595b64144ccf1df_6.0.19041.844_none_ca00b6081b84eb1d;C:\Program Files\AdoptOpenJDK\jdk-11.0.10.9-hotspot\bin\server;C:\Users\USUARIO\AppData\Roaming\Code\User\globalStorage\redhat.java\0.78.0\config_ss_win\org.eclipse.equinox.launcher\org.eclipse.equinox.launcher.win32.win32.x86_64_1.2.200.v20210406-1409

VM Arguments:
jvm_args: --add-modules=ALL-SYSTEM --add-opens=java.base/java.util=ALL-UNNAMED --add-opens=java.base/java.lang=ALL-UNNAMED -Declipse.application=org.eclipse.jdt.ls.core.id1 -Dosgi.bundles.defaultStartLevel=4 -Declipse.product=org.eclipse.jdt.ls.core.product -Dfile.encoding=utf8 -DwatchParentProcess=false -XX:+UseParallelGC -XX:GCTimeRatio=4 -XX:AdaptiveSizePolicyWeight=90 -Dsun.zip.disableMemoryMapping=true -Xmx1G -Xms100m -javaagent:c:\Users\USUARIO\.vscode\extensions\gabrielbb.vscode-lombok-1.0.1\server\lombok.jar -Xverify:none 
java_command: c:\Users\USUARIO\.vscode\extensions\redhat.java-0.78.0\server\plugins\org.eclipse.equinox.launcher_1.6.100.v20201223-0822.jar -configuration c:\Users\USUARIO\AppData\Roaming\Code\User\globalStorage\redhat.java\0.78.0\config_ss_win -data c:\Users\USUARIO\AppData\Roaming\Code\User\workspaceStorage\427bf491d089adac9298cd482eed25c6\redhat.java\ss_ws
java_class_path (initial): c:\Users\USUARIO\.vscode\extensions\redhat.java-0.78.0\server\plugins\org.eclipse.equinox.launcher_1.6.100.v20201223-0822.jar
Launcher Type: SUN_STANDARD

[Global flags]
    uintx AdaptiveSizePolicyWeight                 = 90                                        {product} {command line}
     bool BytecodeVerificationLocal                = false                                     {product} {command line}
     bool BytecodeVerificationRemote               = false                                     {product} {command line}
     intx CICompilerCount                          = 4                                         {product} {ergonomic}
    uintx GCTimeRatio                              = 4                                         {product} {command line}
   size_t InitialHeapSize                          = 104857600                                 {product} {command line}
   size_t MaxHeapSize                              = 1073741824                                {product} {command line}
   size_t MaxNewSize                               = 357564416                                 {product} {ergonomic}
   size_t MinHeapDeltaBytes                        = 524288                                    {product} {ergonomic}
   size_t NewSize                                  = 34603008                                  {product} {ergonomic}
    uintx NonNMethodCodeHeapSize                   = 5836300                                {pd product} {ergonomic}
    uintx NonProfiledCodeHeapSize                  = 122910970                              {pd product} {ergonomic}
   size_t OldSize                                  = 70254592                                  {product} {ergonomic}
    uintx ProfiledCodeHeapSize                     = 122910970                              {pd product} {ergonomic}
    uintx ReservedCodeCacheSize                    = 251658240                              {pd product} {ergonomic}
     bool SegmentedCodeCache                       = true                                      {product} {ergonomic}
     bool UseCompressedClassPointers               = true                                 {lp64_product} {ergonomic}
     bool UseCompressedOops                        = true                                 {lp64_product} {ergonomic}
     bool UseLargePagesIndividualAllocation        = false                                  {pd product} {ergonomic}
     bool UseParallelGC                            = true                                      {product} {command line}

Logging:
Log output configuration:
 #0: stdout all=warning uptime,level,tags
 #1: stderr all=off uptime,level,tags

Environment Variables:
JAVA_HOME=C:\Program Files\Java\jdk1.8.0_281
PATH=C:\Program Files\AdoptOpenJDK\jdk-11.0.10.9-hotspot\bin;C:\Program Files (x86)\Common Files\Oracle\Java\javapath;C:\ProgramData\Oracle\Java\javapath;C:\WINDOWS\system32;C:\WINDOWS;C:\WINDOWS\System32\Wbem;C:\WINDOWS\System32\WindowsPowerShell\v1.0\;C:\WINDOWS\System32\OpenSSH\;C:\Program Files (x86)\Intel\Intel(R) Management Engine Components\DAL;C:\Program Files\Intel\Intel(R) Management Engine Components\DAL;C:\Program Files\Git\cmd;C:\Program Files\Microsoft VS Code\bin;C:\Program Files\dotnet\;C:\Program Files\Microsoft SQL Server\130\Tools\Binn\;C:\Program Files\Microsoft SQL Server\Client SDK\ODBC\170\Tools\Binn\;C:\Program Files\Java\jdk1.8.0_281\bin;;C:\Program Files\Docker\Docker\resources\bin;C:\ProgramData\DockerDesktop\version-bin;C:\Users\USUARIO\AppData\Local\Microsoft\WindowsApps;C:\Users\USUARIO\.dotnet\tools;
USERNAME=Enzo
OS=Windows_NT
PROCESSOR_IDENTIFIER=Intel64 Family 6 Model 142 Stepping 12, GenuineIntel



---------------  S Y S T E M  ---------------

OS: Windows 10 , 64 bit Build 19041 (10.0.19041.928)
OS uptime: 2 days 5:14 hours
Hyper-V role detected

CPU:total 8 (initial active 8) (4 cores per cpu, 2 threads per core) family 6 model 142 stepping 12 microcode 0xd6, cmov, cx8, fxsr, mmx, sse, sse2, sse3, ssse3, sse4.1, sse4.2, popcnt, avx, avx2, aes, clmul, erms, 3dnowpref, lzcnt, ht, tsc, tscinvbit, bmi1, bmi2, adx, fma

Memory: 4k page, system-wide physical 16260M (9833M free)
TotalPageFile size 18692M (AvailPageFile size 9312M)
current process WorkingSet (physical memory assigned to process): 170M, peak: 170M
current process commit charge ("private bytes"): 263M, peak: 263M

vm_info: OpenJDK 64-Bit Server VM (11.0.10+9) for windows-amd64 JRE (11.0.10+9), built on Jan 20 2021 06:07:07 by "" with MS VC++ 15.9 (VS2017)

END.
